c:\users\мария\desktop\лабы 4 семестр\множества_битовые поля\множества_битовые поля\debug\vc120.pdb
c:\users\мария\desktop\лабы 4 семестр\множества_битовые поля\множества_битовые поля\debug\vc120.idb
c:\users\мария\desktop\лабы 4 семестр\множества_битовые поля\множества_битовые поля\debug\bitfield.obj
c:\users\мария\desktop\лабы 4 семестр\множества_битовые поля\множества_битовые поля\debug\main.obj
c:\users\мария\desktop\лабы 4 семестр\множества_битовые поля\множества_битовые поля\debug\set.obj
c:\users\мария\desktop\лабы 4 семестр\множества_битовые поля\debug\множества_битовые поля.ilk
c:\users\мария\desktop\лабы 4 семестр\множества_битовые поля\debug\множества_битовые поля.exe
c:\users\мария\desktop\лабы 4 семестр\множества_битовые поля\debug\множества_битовые поля.pdb
f:\множества_битовые поля\множества_битовые поля\debug\bitfield.obj
f:\множества_битовые поля\множества_битовые поля\debug\main.obj
f:\множества_битовые поля\множества_битовые поля\debug\set.obj
f:\множества_битовые поля\множества_битовые поля\debug\vc120.idb
f:\множества_битовые поля\множества_битовые поля\debug\vc120.pdb
f:\множества_битовые поля\debug\множества_битовые поля.pdb
f:\множества_битовые поля\debug\множества_битовые поля.exe
f:\множества_битовые поля\debug\множества_битовые поля.ilk
f:\множества_битовые поля\множества_битовые поля\debug\множеств.f80d685f.tlog\cl.command.1.tlog
f:\множества_битовые поля\множества_битовые поля\debug\множеств.f80d685f.tlog\cl.read.1.tlog
f:\множества_битовые поля\множества_битовые поля\debug\множеств.f80d685f.tlog\cl.write.1.tlog
f:\множества_битовые поля\множества_битовые поля\debug\множеств.f80d685f.tlog\link.command.1.tlog
f:\множества_битовые поля\множества_битовые поля\debug\множеств.f80d685f.tlog\link.read.1.tlog
f:\множества_битовые поля\множества_битовые поля\debug\множеств.f80d685f.tlog\link.write.1.tlog
